cl : 命令行  warning D9035: “Gm”选项已否决，并将在将来的版本中移除
  sourcehook_impl_cvfnptr.cpp
  sourcehook_impl_cproto.cpp
  sourcehook_impl_chookmaninfo.cpp
  sourcehook_impl_chookidman.cpp
  sourcehook_hookmangen.cpp
  sourcehook.cpp
  provider_ep2.cpp
E:\8.L4D2\metamod-source\core\provider\provider_ep2.cpp(30,10): fatal  error C1083: 无法打开包括文件: “convar.h”: No such file or directory
  console.cpp
E:\8.L4D2\metamod-source\core\provider\console.h(31,10): fatal  error C1083: 无法打开包括文件: “interface.h”: No such file or directory
  vsp_bridge.cpp
E:\8.L4D2\metamod-source\core\metamod.h(34,10): fatal  error C1083: 无法打开包括文件: “interface.h”: No such file or directory
  metamod_util.cpp
  metamod_plugins.cpp
E:\8.L4D2\metamod-source\core\metamod_plugins.cpp(30,10): fatal  error C1083: 无法打开包括文件: “amtl/am-string.h”: No such file or directory
  metamod_oslink.cpp
  metamod_console.cpp
E:\8.L4D2\metamod-source\core\metamod.h(34,10): fatal  error C1083: 无法打开包括文件: “interface.h”: No such file or directory
  metamod.cpp
E:\8.L4D2\metamod-source\core\metamod.h(34,10): fatal  error C1083: 无法打开包括文件: “interface.h”: No such file or directory
  gamedll_bridge.cpp
E:\8.L4D2\metamod-source\core\metamod.h(34,10): fatal  error C1083: 无法打开包括文件: “interface.h”: No such file or directory
  正在生成代码...
